c:\users\prateek\documents\visual studio 2017\projects\graphics assignment 1\graphics assignment 1\debug\vc141.pdb
c:\users\prateek\documents\visual studio 2017\projects\graphics assignment 1\graphics assignment 1\debug\vc141.idb
c:\users\prateek\documents\visual studio 2017\projects\graphics assignment 1\graphics assignment 1\debug\ball.obj
c:\users\prateek\documents\visual studio 2017\projects\graphics assignment 1\graphics assignment 1\debug\color.obj
c:\users\prateek\documents\visual studio 2017\projects\graphics assignment 1\graphics assignment 1\debug\enemy.obj
c:\users\prateek\documents\visual studio 2017\projects\graphics assignment 1\graphics assignment 1\debug\floor.obj
c:\users\prateek\documents\visual studio 2017\projects\graphics assignment 1\graphics assignment 1\debug\input.obj
c:\users\prateek\documents\visual studio 2017\projects\graphics assignment 1\graphics assignment 1\debug\magnet.obj
c:\users\prateek\documents\visual studio 2017\projects\graphics assignment 1\graphics assignment 1\debug\main.obj
c:\users\prateek\documents\visual studio 2017\projects\graphics assignment 1\graphics assignment 1\debug\nonedit.obj
c:\users\prateek\documents\visual studio 2017\projects\graphics assignment 1\graphics assignment 1\debug\other_handlers.obj
c:\users\prateek\documents\visual studio 2017\projects\graphics assignment 1\graphics assignment 1\debug\spike.obj
c:\users\prateek\documents\visual studio 2017\projects\graphics assignment 1\graphics assignment 1\debug\timer.obj
c:\users\prateek\documents\visual studio 2017\projects\graphics assignment 1\graphics assignment 1\debug\trampoline.obj
c:\users\prateek\documents\visual studio 2017\projects\graphics assignment 1\graphics assignment 1\debug\water.obj
c:\users\prateek\desktop\graphics assignment 1\windows\graphics assignment 1\debug\vc141.pdb
c:\users\prateek\desktop\graphics assignment 1\windows\graphics assignment 1\debug\vc141.idb
c:\users\prateek\desktop\graphics assignment 1\windows\graphics assignment 1\debug\ball.obj
c:\users\prateek\desktop\graphics assignment 1\windows\graphics assignment 1\debug\color.obj
c:\users\prateek\desktop\graphics assignment 1\windows\graphics assignment 1\debug\enemy.obj
c:\users\prateek\desktop\graphics assignment 1\windows\graphics assignment 1\debug\floor.obj
c:\users\prateek\desktop\graphics assignment 1\windows\graphics assignment 1\debug\input.obj
c:\users\prateek\desktop\graphics assignment 1\windows\graphics assignment 1\debug\magnet.obj
c:\users\prateek\desktop\graphics assignment 1\windows\graphics assignment 1\debug\main.obj
c:\users\prateek\desktop\graphics assignment 1\windows\graphics assignment 1\debug\nonedit.obj
c:\users\prateek\desktop\graphics assignment 1\windows\graphics assignment 1\debug\other_handlers.obj
c:\users\prateek\desktop\graphics assignment 1\windows\graphics assignment 1\debug\spike.obj
c:\users\prateek\desktop\graphics assignment 1\windows\graphics assignment 1\debug\timer.obj
c:\users\prateek\desktop\graphics assignment 1\windows\graphics assignment 1\debug\trampoline.obj
c:\users\prateek\desktop\graphics assignment 1\windows\graphics assignment 1\debug\water.obj
c:\users\prateek\documents\visual studio 2017\projects\graphics assignment 1\debug\graphics assignment 1.exe
c:\users\prateek\documents\visual studio 2017\projects\graphics assignment 1\debug\graphics assignment 1.ilk
c:\users\prateek\documents\visual studio 2017\projects\graphics assignment 1\debug\graphics assignment 1.pdb
c:\users\prateek\desktop\graphics assignment 1\windows\debug\graphics assignment 1.exe
c:\users\prateek\desktop\graphics assignment 1\windows\debug\graphics assignment 1.ilk
c:\users\prateek\desktop\graphics assignment 1\windows\debug\graphics assignment 1.pdb
c:\users\prateek\desktop\graphics assignment 1\windows\graphics assignment 1\debug\graphics.08238b35.tlog\cl.command.1.tlog
c:\users\prateek\desktop\graphics assignment 1\windows\graphics assignment 1\debug\graphics.08238b35.tlog\cl.read.1.tlog
c:\users\prateek\desktop\graphics assignment 1\windows\graphics assignment 1\debug\graphics.08238b35.tlog\cl.write.1.tlog
c:\users\prateek\desktop\graphics assignment 1\windows\graphics assignment 1\debug\graphics.08238b35.tlog\link.command.1.tlog
c:\users\prateek\desktop\graphics assignment 1\windows\graphics assignment 1\debug\graphics.08238b35.tlog\link.read.1.tlog
c:\users\prateek\desktop\graphics assignment 1\windows\graphics assignment 1\debug\graphics.08238b35.tlog\link.write.1.tlog
